Map: barren
Rows: 44
Cols: 164

Normal: Moved view 1 unit 0
Normal: Moved view 1 unit 0
Normal: Moved view 1 unit 0
Normal: Moved view 1 unit 0
Normal: Moved view 1 unit 0
Normal: Moved view 1 unit 0
Normal: Moved view 1 unit 0
Normal: Moved view 1 unit 0
Normal: Moved view 1 unit 0
Normal: Moved view 1 unit 0
0 <= 0
At Edge: Moved player 1 unit 0
0 <= 0
At Edge: Moved player 1 unit 0
0 <= 0
At Edge: Moved player 1 unit 0
0 <= 0
At Edge: Moved player 1 unit 0
0 <= 0
At Edge: Moved player 1 unit 0
0 <= 0
At Edge: Moved player 1 unit 0
Normal: Moved view 1 unit 1
Normal: Moved view 1 unit 1
Normal: Moved view 1 unit 1
Normal: Moved view 1 unit 1
Normal: Moved view 1 unit 1
Normal: Moved view 1 unit 1
Normal: Moved view 1 unit 1
Normal: Moved view 1 unit 1
Normal: Moved view 1 unit 1
Normal: Moved view 1 unit 1
Normal: Moved view 1 unit 1
Normal: Moved view 1 unit 1
Normal: Moved view 1 unit 1
Normal: Moved view 1 unit 1
Normal: Moved view 1 unit 1
Normal: Moved view 1 unit 1
Normal: Moved view 1 unit 1
Normal: Moved view 1 unit 1
Normal: Moved view 1 unit 1
Normal: Moved view 1 unit 1
Normal: Moved view 1 unit 1
Normal: Moved view 1 unit 1
Normal: Moved view 1 unit 1
Normal: Moved view 1 unit 1
Normal: Moved view 1 unit 1
Normal: Moved view 1 unit 1
Normal: Moved view 1 unit 1
Normal: Moved view 1 unit 1
Normal: Moved view 1 unit 1
Normal: Moved view 1 unit 1
Normal: Moved view 1 unit 1
Normal: Moved view 1 unit 1
Normal: Moved view 1 unit 1
Normal: Moved view 1 unit 1
Normal: Moved view 1 unit 1
Normal: Moved view 1 unit 1
Normal: Moved view 1 unit 1
Normal: Moved view 1 unit 1
Normal: Moved view 1 unit 1
Normal: Moved view 1 unit 1
Normal: Moved view 1 unit 1
Normal: Moved view 1 unit 1
Normal: Moved view 1 unit 1
Normal: Moved view 1 unit 1
Normal: Moved view 1 unit 1
Normal: Moved view 1 unit 1
Normal: Moved view 1 unit 1
Normal: Moved view 1 unit 1
Normal: Moved view 1 unit 1
Normal: Moved view 1 unit 1
Normal: Moved view 1 unit 1
Normal: Moved view 1 unit 1
Normal: Moved view 1 unit 1
Normal: Moved view 1 unit 1
Normal: Moved view 1 unit 1
Normal: Moved view 1 unit 1
Normal: Moved view 1 unit 1
Normal: Moved view 1 unit 1
Normal: Moved view 1 unit 1
Normal: Moved view 1 unit 1
Normal: Moved view 1 unit 1
Normal: Moved view 1 unit 1
Normal: Moved view 1 unit 1
Normal: Moved view 1 unit 1
Normal: Moved view 1 unit 1
Normal: Moved view 1 unit 1
Normal: Moved view 1 unit 1
Normal: Moved view 1 unit 1
Normal: Moved view 1 unit 1
Normal: Moved view 1 unit 1
Normal: Moved view 1 unit 1
Normal: Moved view 1 unit 1
Normal: Moved view 1 unit 1
Normal: Moved view 1 unit 1
At Edge: Moved player 1 unit 1
At Edge: Moved player 1 unit 1
At Edge: Moved player 1 unit 1
At Edge: Moved player 1 unit 1
At Edge: Moved player 1 unit 1
At Edge: Moved player 1 unit 1
At Edge: Moved player 1 unit 1
At Edge: Moved player 1 unit 1
At Edge: Moved player 1 unit 1
At Edge: Moved player 1 unit 1
Not Centered: Moved player 1 unit 2
Not Centered: Moved player 1 unit 2
Not Centered: Moved player 1 unit 2
Not Centered: Moved player 1 unit 2
Not Centered: Moved player 1 unit 2
Not Centered: Moved player 1 unit 2
Normal: Moved view 1 unit 2
Normal: Moved view 1 unit 2
Normal: Moved view 1 unit 2
Normal: Moved view 1 unit 2
Normal: Moved view 1 unit 2
Normal: Moved view 1 unit 2
Normal: Moved view 1 unit 2
Normal: Moved view 1 unit 2
Normal: Moved view 1 unit 2
Normal: Moved view 1 unit 2
Normal: Moved view 1 unit 2
Normal: Moved view 1 unit 2
Normal: Moved view 1 unit 2
Normal: Moved view 1 unit 2
Normal: Moved view 1 unit 2
Normal: Moved view 1 unit 2
Normal: Moved view 1 unit 2
Normal: Moved view 1 unit 2
Normal: Moved view 1 unit 2
Normal: Moved view 1 unit 2
At Edge: Moved player 1 unit 2
At Edge: Moved player 1 unit 2
At Edge: Moved player 1 unit 2
At Edge: Moved player 1 unit 2
At Edge: Moved player 1 unit 2
Not Centered: Moved player 1 unit 3
Not Centered: Moved player 1 unit 3
Not Centered: Moved player 1 unit 3
Not Centered: Moved player 1 unit 3
Not Centered: Moved player 1 unit 3
Not Centered: Moved player 1 unit 3
Not Centered: Moved player 1 unit 3
Not Centered: Moved player 1 unit 3
Not Centered: Moved player 1 unit 3
Not Centered: Moved player 1 unit 3
Normal: Moved view 1 unit 3
Normal: Moved view 1 unit 3
Normal: Moved view 1 unit 3
Normal: Moved view 1 unit 3
Normal: Moved view 1 unit 3
Normal: Moved view 1 unit 3
Normal: Moved view 1 unit 3
Normal: Moved view 1 unit 3
Normal: Moved view 1 unit 3
Normal: Moved view 1 unit 3
Normal: Moved view 1 unit 3
Normal: Moved view 1 unit 3
Normal: Moved view 1 unit 3
Normal: Moved view 1 unit 3
Normal: Moved view 1 unit 3
Normal: Moved view 1 unit 3
Normal: Moved view 1 unit 3
Normal: Moved view 1 unit 3
Normal: Moved view 1 unit 3
Normal: Moved view 1 unit 3
Normal: Moved view 1 unit 3
Normal: Moved view 1 unit 3
Normal: Moved view 1 unit 3
Normal: Moved view 1 unit 3
Normal: Moved view 1 unit 3
Normal: Moved view 1 unit 3
Normal: Moved view 1 unit 3
Normal: Moved view 1 unit 3
Normal: Moved view 1 unit 3
Normal: Moved view 1 unit 3
Normal: Moved view 1 unit 3
Normal: Moved view 1 unit 3
Normal: Moved view 1 unit 3
Normal: Moved view 1 unit 3
Normal: Moved view 1 unit 3
Normal: Moved view 1 unit 3
Normal: Moved view 1 unit 3
Normal: Moved view 1 unit 3
Normal: Moved view 1 unit 3
Normal: Moved view 1 unit 3
Normal: Moved view 1 unit 3
Normal: Moved view 1 unit 3
Normal: Moved view 1 unit 3
Normal: Moved view 1 unit 3
Normal: Moved view 1 unit 3
Normal: Moved view 1 unit 3
Normal: Moved view 1 unit 3
Normal: Moved view 1 unit 3
Normal: Moved view 1 unit 3
Normal: Moved view 1 unit 3
Normal: Moved view 1 unit 3
Normal: Moved view 1 unit 3
Normal: Moved view 1 unit 3
Normal: Moved view 1 unit 3
Normal: Moved view 1 unit 3
Normal: Moved view 1 unit 3
Normal: Moved view 1 unit 3
Normal: Moved view 1 unit 3
Normal: Moved view 1 unit 3
Normal: Moved view 1 unit 3
Normal: Moved view 1 unit 3
Normal: Moved view 1 unit 3
Normal: Moved view 1 unit 3
Normal: Moved view 1 unit 3
Normal: Moved view 1 unit 3
Normal: Moved view 1 unit 3
Normal: Moved view 1 unit 3
Normal: Moved view 1 unit 3
Normal: Moved view 1 unit 3
Normal: Moved view 1 unit 3
Normal: Moved view 1 unit 3
Normal: Moved view 1 unit 3
Normal: Moved view 1 unit 3
Normal: Moved view 1 unit 3
Normal: Moved view 1 unit 3
Normal: Moved view 1 unit 3
Normal: Moved view 1 unit 3
Normal: Moved view 1 unit 3
Normal: Moved view 1 unit 3
Normal: Moved view 1 unit 3
Normal: Moved view 1 unit 3
Normal: Moved view 1 unit 3
Normal: Moved view 1 unit 3
Normal: Moved view 1 unit 3
At Edge: Moved player 1 unit 3
At Edge: Moved player 1 unit 3
At Edge: Moved player 1 unit 3
At Edge: Moved player 1 unit 3
At Edge: Moved player 1 unit 3
At Edge: Moved player 1 unit 3
At Edge: Moved player 1 unit 3
Not Centered: Moved player 1 unit 0
Not Centered: Moved player 1 unit 0
Not Centered: Moved player 1 unit 0
Not Centered: Moved player 1 unit 0
Not Centered: Moved player 1 unit 0
Normal: Moved view 1 unit 0
Normal: Moved view 1 unit 0
Normal: Moved view 1 unit 0
Normal: Moved view 1 unit 0
Normal: Moved view 1 unit 0
Normal: Moved view 1 unit 0
Normal: Moved view 1 unit 0
Normal: Moved view 1 unit 0
Normal: Moved view 1 unit 0
Normal: Moved view 1 unit 0
Normal: Moved view 1 unit 0
Normal: Moved view 1 unit 0
Normal: Moved view 1 unit 0
Normal: Moved view 1 unit 0
Normal: Moved view 1 unit 0
Normal: Moved view 1 unit 0
Normal: Moved view 1 unit 0
Normal: Moved view 1 unit 0
Normal: Moved view 1 unit 0
Normal: Moved view 1 unit 0
At Edge: Moved player 1 unit 3
At Edge: Moved player 1 unit 3
At Edge: Moved player 1 unit 3
At Edge: Moved player 1 unit 3
At Edge: Moved player 1 unit 3
0 <= 0
At Edge: Moved player 1 unit 0
0 <= 0
At Edge: Moved player 1 unit 0
0 <= 0
At Edge: Moved player 1 unit 0
0 <= 0
At Edge: Moved player 1 unit 0
At Edge: Moved player 1 unit 3
0 <= 0
At Edge: Moved player 1 unit 0
0 <= 0
At Edge: Moved player 1 unit 0
0 <= 0
At Edge: Moved player 1 unit 0
